[debug] [2022-11-29T15:55:23.607Z] ----------------------------------------------------------------------
[debug] [2022-11-29T15:55:23.609Z] Command:       C:\Program Files\nodejs\node.exe C:\Users\MM COMPUTER\AppData\Roaming\npm\node_modules\firebase-tools\lib\bin\firebase.js deploy
[debug] [2022-11-29T15:55:23.609Z] CLI Version:   11.14.4
[debug] [2022-11-29T15:55:23.609Z] Platform:      win32
[debug] [2022-11-29T15:55:23.609Z] Node Version:  v16.17.0
[debug] [2022-11-29T15:55:23.615Z] Time:          Tue Nov 29 2022 21:55:23 GMT+0600 (Bangladesh Standard Time)
[debug] [2022-11-29T15:55:23.616Z] ----------------------------------------------------------------------
[debug] 
[debug] [2022-11-29T15:55:23.622Z] >>> [apiv2][query] GET https://firebase-public.firebaseio.com/cli.json [none]
[debug] [2022-11-29T15:55:23.720Z] > command requires scopes: ["email","openid","https://www.googleapis.com/auth/cloudplatformprojects.readonly","https://www.googleapis.com/auth/firebase","https://www.googleapis.com/auth/cloud-platform"]
[debug] [2022-11-29T15:55:23.721Z] > authorizing via signed-in user (shimul5025@gmail.com)
[debug] [2022-11-29T15:55:23.721Z] [iam] checking project buy-cell--web for permissions ["firebase.projects.get","firebasehosting.sites.update"]
[debug] [2022-11-29T15:55:23.722Z] > refreshing access token with scopes: []
[debug] [2022-11-29T15:55:23.723Z] >>> [apiv2][query] POST https://www.googleapis.com/oauth2/v3/token [none]
[debug] [2022-11-29T15:55:23.723Z] >>> [apiv2][body] POST https://www.googleapis.com/oauth2/v3/token [omitted]
[debug] [2022-11-29T15:55:28.461Z] <<< [apiv2][status] POST https://www.googleapis.com/oauth2/v3/token 200
[debug] [2022-11-29T15:55:28.462Z] <<< [apiv2][body] POST https://www.googleapis.com/oauth2/v3/token [omitted]
[debug] [2022-11-29T15:55:28.473Z] >>> [apiv2][query] POST https://cloudresourcemanager.googleapis.com/v1/projects/buy-cell--web:testIamPermissions [none]
[debug] [2022-11-29T15:55:28.473Z] >>> [apiv2][(partial)header] POST https://cloudresourcemanager.googleapis.com/v1/projects/buy-cell--web:testIamPermissions x-goog-quota-user=projects/buy-cell--web
[debug] [2022-11-29T15:55:28.474Z] >>> [apiv2][body] POST https://cloudresourcemanager.googleapis.com/v1/projects/buy-cell--web:testIamPermissions {"permissions":["firebase.projects.get","firebasehosting.sites.update"]}
[debug] [2022-11-29T15:55:28.606Z] <<< [apiv2][status] GET https://firebase-public.firebaseio.com/cli.json 200
[debug] [2022-11-29T15:55:28.607Z] <<< [apiv2][body] GET https://firebase-public.firebaseio.com/cli.json {"cloudBuildErrorAfter":1594252800000,"cloudBuildWarnAfter":1590019200000,"defaultNode10After":1594252800000,"minVersion":"3.0.5","node8DeploysDisabledAfter":1613390400000,"node8RuntimeDisabledAfter":1615809600000,"node8WarnAfter":1600128000000}
[debug] [2022-11-29T15:55:32.070Z] <<< [apiv2][status] POST https://cloudresourcemanager.googleapis.com/v1/projects/buy-cell--web:testIamPermissions 200
[debug] [2022-11-29T15:55:32.072Z] <<< [apiv2][body] POST https://cloudresourcemanager.googleapis.com/v1/projects/buy-cell--web:testIamPermissions {"permissions":["firebase.projects.get","firebasehosting.sites.update"]}
[debug] [2022-11-29T15:55:32.079Z] >>> [apiv2][query] GET https://firebase.googleapis.com/v1beta1/projects/buy-cell--web [none]
[debug] [2022-11-29T15:55:33.499Z] <<< [apiv2][status] GET https://firebase.googleapis.com/v1beta1/projects/buy-cell--web 200
[debug] [2022-11-29T15:55:33.500Z] <<< [apiv2][body] GET https://firebase.googleapis.com/v1beta1/projects/buy-cell--web {"projectId":"buy-cell--web","projectNumber":"883485059167","displayName":"buy cell  web","name":"projects/buy-cell--web","resources":{"hostingSite":"buy-cell--web"},"state":"ACTIVE","etag":"1_3a359761-837e-460b-adb8-5e156689db3a"}
[info] 
[info] === Deploying to 'buy-cell--web'...
[info] 
[info] i  deploying hosting 
[debug] [2022-11-29T15:55:33.514Z] >>> [apiv2][query] POST https://firebasehosting.googleapis.com/v1beta1/projects/-/sites/buy-cell--web/versions [none]
[debug] [2022-11-29T15:55:33.515Z] >>> [apiv2][body] POST https://firebasehosting.googleapis.com/v1beta1/projects/-/sites/buy-cell--web/versions {"status":"CREATED","labels":{"deployment-tool":"cli-firebase"}}
[debug] [2022-11-29T15:55:35.570Z] <<< [apiv2][status] POST https://firebasehosting.googleapis.com/v1beta1/projects/-/sites/buy-cell--web/versions 200
[debug] [2022-11-29T15:55:35.571Z] <<< [apiv2][body] POST https://firebasehosting.googleapis.com/v1beta1/projects/-/sites/buy-cell--web/versions {"name":"projects/883485059167/sites/buy-cell--web/versions/c94e137fd8d391ce","status":"CREATED","config":{},"labels":{"deployment-tool":"cli-firebase"}}
[info] i  hosting[buy-cell--web]: beginning deploy... 
[info] i  hosting[buy-cell--web]: found 19 files in build 
[debug] [2022-11-29T15:55:35.598Z] [hosting] uploading with 200 concurrency
[debug] [2022-11-29T15:55:36.020Z] [hosting] hash cache [YnVpbGQ] stored for 19 files
[debug] [2022-11-29T15:55:36.020Z] [hosting][hash queue][FINAL] {"max":413,"min":3,"avg":32.36842105263158,"active":0,"complete":19,"success":19,"errored":0,"retried":0,"total":19,"elapsed":419}
[debug] [2022-11-29T15:55:36.021Z] >>> [apiv2][query] POST https://firebasehosting.googleapis.com/v1beta1/projects/883485059167/sites/buy-cell--web/versions/c94e137fd8d391ce:populateFiles [none]
[debug] [2022-11-29T15:55:36.021Z] >>> [apiv2][body] POST https://firebasehosting.googleapis.com/v1beta1/projects/883485059167/sites/buy-cell--web/versions/c94e137fd8d391ce:populateFiles {"files":{"/Categories.json":"ec27e1c8f30767816e3f2fe4c6d62739d8aa1444c6c752ea780cfb4d0c6c6c89","/favicon.ico":"0c3fa1d102a52494c75764c56f9ae6e4a52364f160989d59ed1842e3402f439e","/logo192.png":"3ee59515172ee198f3be375979df15ac5345183e656720a381b8872b2a39dc8b","/logo512.png":"ee7e2f3fdb8209c4b6fd7bef6ba50d1b9dba30a25bb5c3126df057e1cb6f5331","/manifest.json":"aff3449bdc238776f5d6d967f19ec491b36aed5fb7f23ccff6500736fd58494a","/Products.json":"a68db45337ff6d5f0a27cf923decfa5c66d2b497273ade6f20c0cb5d7c52e3e0","/robots.txt":"bfe106a3fb878dc83461c86818bf74fc1bdc7f28538ba613cd3e775516ce8b49","/index.html":"96178e885a1cb6c8d6303d017f710af0b63a9119f9c56856072f6123689c9093","/static/js/787.546138b6.chunk.js":"3f7251af36bc221b0fdf9becf4cb7c40e01518e6ae0190134b3c943ff27e34a4","/static/js/787.546138b6.chunk.js.map":"ef843150eed4d1c3ab9cca5d097fb3a566d88a72a63f45a8f9e90850348d90cb","/asset-manifest.json":"6c1bf86b5a0d070e557ba5650722598bdb3d2a093e6d502a7d62b864c7bb9966","/static/js/main.053ec05a.js.LICENSE.txt":"f621b4e7f4e61953028a8d52b85cfaaac237bfffcb40034341de36786ecc3b16","/static/media/banner-img-1.38afcadbe2e25583fd88.webp":"369831535060504c4785e51fa3bb8b3b6aa789ddd5b3a5322d41c64a1999a78f","/static/css/main.ee266e78.css.map":"3bba03e7fc97c7173e816de76ff1a564a1080599965e8e75d10dfa140f7d1de9","/static/css/main.ee266e78.css":"65b06a6bd154d8ff8192438d0192f9712e71f9d1fe3f884163d8aa59701179b9","/static/media/error.8cb1b1d6caa8987f7dc1.webp":"eb732d2caf1cf77838c04a95a3da4870fb502e3fb4618f35ac0071d5e455bf1b","/static/media/hosupe.0c6ce008c305faf1aa07.png":"0d9d2bba85b0db406306cc45f966ce588dd211a011c8bbed6fe23b4db5477023","/static/js/main.053ec05a.js":"b484caa7b4fbd719109fc2e74bfe43cedf5e2b26b88d9ec231b3d231c220c115","/static/js/main.053ec05a.js.map":"54c83ad0f9cb81f8a845a246f531ff03efacc9a6f9fc6e8c6615a528e8154592"}}
[debug] [2022-11-29T15:55:37.649Z] <<< [apiv2][status] POST https://firebasehosting.googleapis.com/v1beta1/projects/883485059167/sites/buy-cell--web/versions/c94e137fd8d391ce:populateFiles 200
[debug] [2022-11-29T15:55:37.649Z] <<< [apiv2][body] POST https://firebasehosting.googleapis.com/v1beta1/projects/883485059167/sites/buy-cell--web/versions/c94e137fd8d391ce:populateFiles {"uploadRequiredHashes":["369831535060504c4785e51fa3bb8b3b6aa789ddd5b3a5322d41c64a1999a78f","54c83ad0f9cb81f8a845a246f531ff03efacc9a6f9fc6e8c6615a528e8154592","65b06a6bd154d8ff8192438d0192f9712e71f9d1fe3f884163d8aa59701179b9","96178e885a1cb6c8d6303d017f710af0b63a9119f9c56856072f6123689c9093","b484caa7b4fbd719109fc2e74bfe43cedf5e2b26b88d9ec231b3d231c220c115","6c1bf86b5a0d070e557ba5650722598bdb3d2a093e6d502a7d62b864c7bb9966","3bba03e7fc97c7173e816de76ff1a564a1080599965e8e75d10dfa140f7d1de9","eb732d2caf1cf77838c04a95a3da4870fb502e3fb4618f35ac0071d5e455bf1b"],"uploadUrl":"https://upload-firebasehosting.googleapis.com/upload/sites/buy-cell--web/versions/c94e137fd8d391ce/files"}
[debug] [2022-11-29T15:55:37.651Z] >>> [apiv2][query] POST https://upload-firebasehosting.googleapis.com/upload/sites/buy-cell--web/versions/c94e137fd8d391ce/files/369831535060504c4785e51fa3bb8b3b6aa789ddd5b3a5322d41c64a1999a78f [none]
[debug] [2022-11-29T15:55:37.652Z] >>> [apiv2][body] POST https://upload-firebasehosting.googleapis.com/upload/sites/buy-cell--web/versions/c94e137fd8d391ce/files/369831535060504c4785e51fa3bb8b3b6aa789ddd5b3a5322d41c64a1999a78f [stream]
[debug] [2022-11-29T15:55:37.655Z] >>> [apiv2][query] POST https://upload-firebasehosting.googleapis.com/upload/sites/buy-cell--web/versions/c94e137fd8d391ce/files/54c83ad0f9cb81f8a845a246f531ff03efacc9a6f9fc6e8c6615a528e8154592 [none]
[debug] [2022-11-29T15:55:37.655Z] >>> [apiv2][body] POST https://upload-firebasehosting.googleapis.com/upload/sites/buy-cell--web/versions/c94e137fd8d391ce/files/54c83ad0f9cb81f8a845a246f531ff03efacc9a6f9fc6e8c6615a528e8154592 [stream]
[debug] [2022-11-29T15:55:37.656Z] >>> [apiv2][query] POST https://upload-firebasehosting.googleapis.com/upload/sites/buy-cell--web/versions/c94e137fd8d391ce/files/65b06a6bd154d8ff8192438d0192f9712e71f9d1fe3f884163d8aa59701179b9 [none]
[debug] [2022-11-29T15:55:37.656Z] >>> [apiv2][body] POST https://upload-firebasehosting.googleapis.com/upload/sites/buy-cell--web/versions/c94e137fd8d391ce/files/65b06a6bd154d8ff8192438d0192f9712e71f9d1fe3f884163d8aa59701179b9 [stream]
[debug] [2022-11-29T15:55:37.658Z] >>> [apiv2][query] POST https://upload-firebasehosting.googleapis.com/upload/sites/buy-cell--web/versions/c94e137fd8d391ce/files/96178e885a1cb6c8d6303d017f710af0b63a9119f9c56856072f6123689c9093 [none]
[debug] [2022-11-29T15:55:37.658Z] >>> [apiv2][body] POST https://upload-firebasehosting.googleapis.com/upload/sites/buy-cell--web/versions/c94e137fd8d391ce/files/96178e885a1cb6c8d6303d017f710af0b63a9119f9c56856072f6123689c9093 [stream]
[debug] [2022-11-29T15:55:37.660Z] >>> [apiv2][query] POST https://upload-firebasehosting.googleapis.com/upload/sites/buy-cell--web/versions/c94e137fd8d391ce/files/b484caa7b4fbd719109fc2e74bfe43cedf5e2b26b88d9ec231b3d231c220c115 [none]
[debug] [2022-11-29T15:55:37.660Z] >>> [apiv2][body] POST https://upload-firebasehosting.googleapis.com/upload/sites/buy-cell--web/versions/c94e137fd8d391ce/files/b484caa7b4fbd719109fc2e74bfe43cedf5e2b26b88d9ec231b3d231c220c115 [stream]
[debug] [2022-11-29T15:55:37.662Z] >>> [apiv2][query] POST https://upload-firebasehosting.googleapis.com/upload/sites/buy-cell--web/versions/c94e137fd8d391ce/files/6c1bf86b5a0d070e557ba5650722598bdb3d2a093e6d502a7d62b864c7bb9966 [none]
[debug] [2022-11-29T15:55:37.662Z] >>> [apiv2][body] POST https://upload-firebasehosting.googleapis.com/upload/sites/buy-cell--web/versions/c94e137fd8d391ce/files/6c1bf86b5a0d070e557ba5650722598bdb3d2a093e6d502a7d62b864c7bb9966 [stream]
[debug] [2022-11-29T15:55:37.664Z] >>> [apiv2][query] POST https://upload-firebasehosting.googleapis.com/upload/sites/buy-cell--web/versions/c94e137fd8d391ce/files/3bba03e7fc97c7173e816de76ff1a564a1080599965e8e75d10dfa140f7d1de9 [none]
[debug] [2022-11-29T15:55:37.664Z] >>> [apiv2][body] POST https://upload-firebasehosting.googleapis.com/upload/sites/buy-cell--web/versions/c94e137fd8d391ce/files/3bba03e7fc97c7173e816de76ff1a564a1080599965e8e75d10dfa140f7d1de9 [stream]
[debug] [2022-11-29T15:55:37.665Z] >>> [apiv2][query] POST https://upload-firebasehosting.googleapis.com/upload/sites/buy-cell--web/versions/c94e137fd8d391ce/files/eb732d2caf1cf77838c04a95a3da4870fb502e3fb4618f35ac0071d5e455bf1b [none]
[debug] [2022-11-29T15:55:37.665Z] >>> [apiv2][body] POST https://upload-firebasehosting.googleapis.com/upload/sites/buy-cell--web/versions/c94e137fd8d391ce/files/eb732d2caf1cf77838c04a95a3da4870fb502e3fb4618f35ac0071d5e455bf1b [stream]
[debug] [2022-11-29T15:55:37.667Z] [hosting][populate queue][FINAL] {"max":1633,"min":1633,"avg":1633,"active":0,"complete":1,"success":1,"errored":0,"retried":0,"total":1,"elapsed":1649}
[debug] [2022-11-29T15:55:37.667Z] [hosting] uploads queued: 8
[debug] [2022-11-29T15:55:40.354Z] <<< [apiv2][status] POST https://upload-firebasehosting.googleapis.com/upload/sites/buy-cell--web/versions/c94e137fd8d391ce/files/3bba03e7fc97c7173e816de76ff1a564a1080599965e8e75d10dfa140f7d1de9 200
[debug] [2022-11-29T15:55:40.355Z] <<< [apiv2][body] POST https://upload-firebasehosting.googleapis.com/upload/sites/buy-cell--web/versions/c94e137fd8d391ce/files/3bba03e7fc97c7173e816de76ff1a564a1080599965e8e75d10dfa140f7d1de9 [stream]
